<?xml version="1.0" encoding="UTF-8"?>
<testng-results ignored="0" total="1" passed="1" failed="0" skipped="0">
  <reporter-output>
    <line>
      <![CDATA[heloo]]>
    </line>
  </reporter-output>
  <suite started-at="2022-05-15T23:42:06 IST" name="Suite" finished-at="2022-05-15T23:42:06 IST" duration-ms="69">
    <groups>
    </groups>
    <test started-at="2022-05-15T23:42:06 IST" name="Test" finished-at="2022-05-15T23:42:06 IST" duration-ms="69">
      <class name="com.ActiTime.test.LoginPage">
        <test-method signature="login()[pri:0, instance:com.ActiTime.test.LoginPage@6f46426d]" started-at="2022-05-15T23:42:06 IST" name="login" finished-at="2022-05-15T23:42:06 IST" duration-ms="13" status="PASS">
          <reporter-output>
            <line>
              <![CDATA[heloo]]>
            </line>
          </reporter-output>
        </test-method> <!-- login -->
      </class> <!-- com.ActiTime.test.LoginPage -->
    </test> <!-- Test -->
  </suite> <!-- Suite -->
</testng-results>
